<?xml version="1.0" encoding="UTF-8"?>
<!-- Generated by org.testng.reporters.JUnitReportReporter -->
<testsuite hostname="RAJA" failures="0" tests="6" name="demowebshop_seleniumTests.MyaccountPage_test" time="147.753" errors="0" timestamp="2025-02-14T13:14:09 IST" skipped="0">
  <testcase classname="demowebshop_seleniumTests.MyaccountPage_test" name="myAccount_ChPas_test" time="24.606"/>
  <system-out/>
  <testcase classname="demowebshop_seleniumTests.MyaccountPage_test" name="myAccount_ChPas_test" time="21.359"/>
  <system-out/>
  <testcase classname="demowebshop_seleniumTests.MyaccountPage_test" name="myAccount_ChPas_test" time="19.741"/>
  <system-out/>
  <testcase classname="demowebshop_seleniumTests.MyaccountPage_test" name="myAccount_ChPas_test" time="23.445"/>
  <system-out/>
  <testcase classname="demowebshop_seleniumTests.MyaccountPage_test" name="add_dlt_address" time="30.662"/>
  <system-out/>
  <testcase classname="demowebshop_seleniumTests.MyaccountPage_test" name="add_dlt_address" time="27.940"/>
  <system-out/>
</testsuite> <!-- demowebshop_seleniumTests.MyaccountPage_test -->
