<?xml version="1.0" encoding="UTF-8"?>
<!-- Generated by org.testng.reporters.JUnitReportReporter -->
<testsuite hostname="RAJA" failures="0" tests="1" name="demowebshop_seleniumTests.HomePage_test" time="30.178" errors="0" timestamp="2025-02-15T12:14:29 IST" skipped="0">
  <testcase classname="demowebshop_seleniumTests.HomePage_test" name="test_homePagelinks" time="30.178"/>
</testsuite> <!-- demowebshop_seleniumTests.HomePage_test -->
